<?xml version="1.0" encoding="UTF-8"?>
<!-- Generated by org.testng.reporters.JUnitReportReporter -->
<testsuite skipped="0" hostname="Ved" name="com.bhumi.SampleMaven.AutomationTests.TC10" tests="1" failures="0" timestamp="2024-02-19T23:47:34 EST" time="9.625" errors="0">
  <testcase name="createAccount" time="9.625" classname="com.bhumi.SampleMaven.AutomationTests.TC10"/>
  <system-out>
    <![CDATA[Entering UserName & Password and login to salesforce
data is entered in username textbox
data is entered in password textbox
login button is clicked
Login Successfull
Account Tab button is clicked
Account page opened
New Account button is clicked
New Account page opened
data is entered in Account Name textbox
Technology Partner selected in Account Type dropdown
High selected in Priority dropdown
Save button is clicked
New Account added]]>
  </system-out>
</testsuite> <!-- com.bhumi.SampleMaven.AutomationTests.TC10 -->
