<?xml version="1.0" encoding="UTF-8"?>
<!-- Generated by org.testng.reporters.JUnitReportReporter -->
<testsuite skipped="0" hostname="Ved" name="com.bhumi.SampleMaven.AutomationTests.TC02" tests="1" failures="0" timestamp="2024-02-19T23:47:34 EST" time="10.384" errors="0">
  <testcase name="loginErrorMessage2" time="10.384" classname="com.bhumi.SampleMaven.AutomationTests.TC02"/>
  <system-out>
    <![CDATA[Page Title Verified
Entering UserName & Password and login to salesforce
data is entered in username textbox
data is entered in password textbox
login button is clicked
Login Successfull]]>
  </system-out>
</testsuite> <!-- com.bhumi.SampleMaven.AutomationTests.TC02 -->
