<?xml version="1.0" encoding="UTF-8"?>
<!-- Generated by org.testng.reporters.JUnitReportReporter -->
<testsuite skipped="0" hostname="Ved" name="com.bhumi.SampleMaven.AutomationTests.TC31" tests="1" failures="0" timestamp="2024-02-19T23:47:34 EST" time="7.236" errors="0">
  <testcase name="CancelNewContact" time="7.236" classname="com.bhumi.SampleMaven.AutomationTests.TC31"/>
  <system-out>
    <![CDATA[Entering UserName & Password and login to salesforce
data is entered in username textbox
data is entered in password textbox
login button is clicked
Login Successfull
New View button is clicked
Create New View opened
data is entered in View Name textbox
Unique view name is cleared
data is entered in View Name textbox
Cancel button is clicked
View not added after clicking cancel button]]>
  </system-out>
</testsuite> <!-- com.bhumi.SampleMaven.AutomationTests.TC31 -->
