<?xml version="1.0" encoding="UTF-8"?>
<!-- Generated by org.testng.reporters.JUnitReportReporter -->
<testsuite skipped="0" hostname="Ved" name="com.bhumi.SampleMaven.AutomationTests.TC09" tests="1" failures="0" timestamp="2024-02-19T23:47:34 EST" time="6.484" errors="0">
  <testcase name="verifyLogout" time="6.484" classname="com.bhumi.SampleMaven.AutomationTests.TC09"/>
  <system-out>
    <![CDATA[Entering UserName & Password and login to salesforce
data is entered in username textbox
data is entered in password textbox
login button is clicked
Login Successfull
User Menu on Salesforce HomePage button is clicked
Salesforce User Menu Displayed
Logout on Salesforce HomePage button is clicked
Logout Successfull]]>
  </system-out>
</testsuite> <!-- com.bhumi.SampleMaven.AutomationTests.TC09 -->
