<?xml version="1.0" encoding="UTF-8"?>
<!-- Generated by org.testng.reporters.JUnitReportReporter -->
<testsuite skipped="0" hostname="Ved" name="com.bhumi.SampleMaven.AutomationTests.TC22" tests="1" failures="0" timestamp="2024-02-19T23:47:34 EST" time="11.636" errors="0">
  <testcase name="verifyLeadsList" time="11.636" classname="com.bhumi.SampleMaven.AutomationTests.TC22"/>
  <system-out>
    <![CDATA[Entering UserName & Password and login to salesforce
data is entered in username textbox
data is entered in password textbox
login button is clicked
Login Successfull
Leads page opened
My Unread Leads selected in Leads View dropdown
Leads drop down selected
User Menu on Salesforce HomePage button is clicked
Salesforce User Menu Displayed
Logout on Salesforce HomePage button is clicked
Logout Successfull
Entering UserName & Password and login to salesforce
data is entered in username textbox
data is entered in password textbox
login button is clicked
Login Successfull
My Unread leads selected in view after login
Go button is clicked
My Unread leads selected in view after login
User Menu on Salesforce HomePage button is clicked
Salesforce User Menu Displayed
Logout on Salesforce HomePage button is clicked
Logout Successfull]]>
  </system-out>
</testsuite> <!-- com.bhumi.SampleMaven.AutomationTests.TC22 -->
