<?xml version="1.0" encoding="UTF-8"?>
<!-- Generated by org.testng.reporters.JUnitReportReporter -->
<testsuite skipped="0" hostname="Ved" name="com.bhumi.SampleMaven.AutomationTests.TC24" tests="1" failures="0" timestamp="2024-02-19T23:47:34 EST" time="9.644" errors="0">
  <testcase name="createNewLeads" time="9.644" classname="com.bhumi.SampleMaven.AutomationTests.TC24"/>
  <system-out>
    <![CDATA[Entering UserName & Password and login to salesforce
data is entered in username textbox
data is entered in password textbox
login button is clicked
Login Successfull
Leads page opened
New Leads button is clicked
New Leads page opened
data is entered in Last Name textbox
data is entered in Company textbox
Save button is clicked
 text is extracted from New lead value
New Leads added
User Menu on Salesforce HomePage button is clicked
Salesforce User Menu Displayed
Logout on Salesforce HomePage button is clicked
Logout Successfull]]>
  </system-out>
</testsuite> <!-- com.bhumi.SampleMaven.AutomationTests.TC24 -->
