<?xml version="1.0" encoding="UTF-8"?>
<!-- Generated by org.testng.reporters.JUnitReportReporter -->
<testsuite skipped="0" hostname="Ved" name="com.bhumi.SampleMaven.AutomationTests.TC12" tests="1" failures="0" timestamp="2024-02-19T23:47:34 EST" time="18.753" errors="0">
  <testcase name="EditNewAccountView" time="18.753" classname="com.bhumi.SampleMaven.AutomationTests.TC12"/>
  <system-out>
    <![CDATA[Entering UserName & Password and login to salesforce
data is entered in username textbox
data is entered in password textbox
login button is clicked
Login Successfull
Account Tab button is clicked
Account page opened
New Accounts View button is clicked
New Accounts View page opened
data is entered in New View Name textbox
Unique View Name is cleared
data is entered in Unqieue View Name textbox
Save button is clicked
New Accounts View added
Edit View button is clicked
Edit Account View page opened
View Name is cleared
data is entered in View Name textbox
Account Name selected in Account Name Filter dropdown
contains selected in Operator dropdown
data is entered in Filter Value textbox
Save button is clicked
New Accounts View Edited
Account view edited and filtered]]>
  </system-out>
</testsuite> <!-- com.bhumi.SampleMaven.AutomationTests.TC12 -->
