<?xml version="1.0" encoding="UTF-8"?>
<!-- Generated by org.testng.reporters.JUnitReportReporter -->
<testsuite skipped="0" hostname="Ved" name="com.bhumi.SampleMaven.AutomationTests.TC05" tests="1" failures="0" timestamp="2024-02-19T23:47:34 EST" time="6.445" errors="0">
  <testcase name="verifySalesforceUserMenu" time="6.445" classname="com.bhumi.SampleMaven.AutomationTests.TC05"/>
  <system-out>
    <![CDATA[Entering UserName & Password and login to salesforce
data is entered in username textbox
data is entered in password textbox
login button is clicked
Login Successfull
SalesForce User Menu button is clicked
SalesForce User Menu Drop Down options verified]]>
  </system-out>
</testsuite> <!-- com.bhumi.SampleMaven.AutomationTests.TC05 -->
