<?xml version="1.0" encoding="UTF-8"?>
<!-- Generated by org.testng.reporters.JUnitReportReporter -->
<testsuite skipped="0" hostname="Ved" name="com.bhumi.SampleMaven.AutomationTests.TC01" tests="1" failures="0" timestamp="2024-02-19T23:47:34 EST" time="4.154" errors="0">
  <testcase name="loginErrorMessage1" time="4.154" classname="com.bhumi.SampleMaven.AutomationTests.TC01"/>
  <system-out>
    <![CDATA[Page Title Verified
data is entered in usernName textbox
UserName Field Verified
Password is cleared
UserName Field is clear Verified
LoginButton button is clicked
Error for blank password Verified]]>
  </system-out>
</testsuite> <!-- com.bhumi.SampleMaven.AutomationTests.TC01 -->
