<?xml version="1.0" encoding="UTF-8"?>
<!-- Generated by org.testng.reporters.JUnitReportReporter -->
<testsuite skipped="0" hostname="Ved" name="com.bhumi.SampleMaven.AutomationTests.TC03" tests="1" failures="0" timestamp="2024-02-19T23:47:34 EST" time="7.272" errors="0">
  <testcase name="loginErrorMessage3" time="7.272" classname="com.bhumi.SampleMaven.AutomationTests.TC03"/>
  <system-out>
    <![CDATA[Page Title Verified
data is entered in username textbox
UserName entered on login page
data is entered in password textbox
Password entered on login page
Remember UserName checkbox button is clicked
Remember UserName Checkbox on login page checked
loginbutton button is clicked
Login Button Clicked
Login Successfull
User Menu on Salesforce HomePage button is clicked
Salesforce User Menu Displayed
Logout on Salesforce HomePage button is clicked
Logout Successfull
 text is extracted from UserName
Remember username verified post logout]]>
  </system-out>
</testsuite> <!-- com.bhumi.SampleMaven.AutomationTests.TC03 -->
