<?xml version="1.0" encoding="UTF-8"?>
<!-- Generated by org.testng.reporters.JUnitReportReporter -->
<testsuite skipped="0" hostname="Ved" name="com.bhumi.SampleMaven.AutomationTests.TC13" tests="1" failures="0" timestamp="2024-02-19T23:47:34 EST" time="17.485" errors="0">
  <testcase name="MergeAccounts" time="17.485" classname="com.bhumi.SampleMaven.AutomationTests.TC13"/>
  <system-out>
    <![CDATA[Entering UserName & Password and login to salesforce
data is entered in username textbox
data is entered in password textbox
login button is clicked
Login Successfull
Account Tab button is clicked
Account page opened
Merge Account button is clicked
Merge My Account page opened
data is entered in Search textbox
Find Account button is clicked
Find Account button is clicked
Find Account button is clicked
Find Account button is clicked
Find Account button is clicked
Next button is clicked
Confirmation page to merge record displayed
Merge button is clicked
Merge Account displayed]]>
  </system-out>
</testsuite> <!-- com.bhumi.SampleMaven.AutomationTests.TC13 -->
