<?xml version="1.0" encoding="UTF-8"?>
<!-- Generated by org.testng.reporters.JUnitReportReporter -->
<testsuite skipped="0" hostname="Ved" name="com.bhumi.SampleMaven.AutomationTests.TC36" tests="1" failures="0" timestamp="2024-02-19T23:47:34 EST" time="21.681" errors="0">
  <testcase name="verifyCalendarEventBlock" time="21.681" classname="com.bhumi.SampleMaven.AutomationTests.TC36"/>
  <system-out>
    <![CDATA[Entering UserName & Password and login to salesforce
data is entered in username textbox
data is entered in password textbox
login button is clicked
Login Successfull
Home page opened
Current Date on Home page verified
Page Date button is clicked
Calendar Page Opened
8 Pm Event button is clicked
Calendar New Event Page Opened
Subject Combo button is clicked
ComboBox Page Opened
Other Subject button is clicked
ComboBox subject popup closed as expected
Other selected as subject as expected
data is entered in Subject textbox
End Time button is clicked
drop down for time pick for end time displayed
9 PM Event button is clicked
End time selected as 9:00 PM
Save button is clicked
Calendar for bhumi pawde Page Opened
New Event Other for Calendar added]]>
  </system-out>
</testsuite> <!-- com.bhumi.SampleMaven.AutomationTests.TC36 -->
