<?xml version="1.0" encoding="UTF-8"?>
<!-- Generated by org.testng.reporters.JUnitReportReporter -->
<testsuite skipped="0" hostname="Ved" name="com.bhumi.SampleMaven.AutomationTests.TC16" tests="1" failures="0" timestamp="2024-02-19T23:47:34 EST" time="9.117" errors="0">
  <testcase name="createNewOpportunity" time="9.117" classname="com.bhumi.SampleMaven.AutomationTests.TC16"/>
  <system-out>
    <![CDATA[Entering UserName & Password and login to salesforce
data is entered in username textbox
data is entered in password textbox
login button is clicked
Login Successfull
Opportunities page opened
New Opportunity button is clicked
New Opportunity Page Opened
data is entered in Opportunity name textbox
data is entered in Opportunity Account textbox
data is entered in Opportunity Closed Date textbox
Proabablity is cleared
data is entered in Proabablity textbox
Prospecting selected in Stage dropdown
Web selected in Lead Source dropdown
Save button is clicked
 text is extracted from New Opportiunity
New Opportunity Verified]]>
  </system-out>
</testsuite> <!-- com.bhumi.SampleMaven.AutomationTests.TC16 -->
