<?xml version="1.0" encoding="UTF-8"?>
<!-- Generated by org.testng.reporters.JUnitReportReporter -->
<testsuite skipped="0" hostname="Ved" name="com.bhumi.SampleMaven.AutomationTests.TC29" tests="1" failures="0" timestamp="2024-02-19T23:47:34 EST" time="8.268" errors="0">
  <testcase name="getContactDetails" time="8.268" classname="com.bhumi.SampleMaven.AutomationTests.TC29"/>
  <system-out>
    <![CDATA[Entering UserName & Password and login to salesforce
data is entered in username textbox
data is entered in password textbox
login button is clicked
Login Successfull
Recently Created selected in Recent Contact dropdown
Recent Contact link button is clicked
Contact Details opened
 text is extracted from New Contact Value
Contact Details opened with correct details]]>
  </system-out>
</testsuite> <!-- com.bhumi.SampleMaven.AutomationTests.TC29 -->
