<?xml version="1.0" encoding="UTF-8"?>
<!-- Generated by org.testng.reporters.JUnitReportReporter -->
<testsuite skipped="0" hostname="Ved" name="com.bhumi.SampleMaven.AutomationTests.TC28" tests="1" failures="0" timestamp="2024-02-19T23:47:34 EST" time="16.452" errors="0">
  <testcase name="verifyMyContacts" time="16.452" classname="com.bhumi.SampleMaven.AutomationTests.TC28"/>
  <system-out>
    <![CDATA[Entering UserName & Password and login to salesforce
data is entered in username textbox
data is entered in password textbox
login button is clicked
Login Successfull
My Contacts selected in Contact View dropdown
User Menu on Salesforce HomePage button is clicked
Salesforce User Menu Displayed
Logout on Salesforce HomePage button is clicked
Logout Successfull
Entering UserName & Password and login to salesforce
data is entered in username textbox
data is entered in password textbox
login button is clicked
Login Successfull
Go button is clicked
My Contacts View Added]]>
  </system-out>
</testsuite> <!-- com.bhumi.SampleMaven.AutomationTests.TC28 -->
