<?xml version="1.0" encoding="UTF-8"?>
<!-- Generated by org.testng.reporters.JUnitReportReporter -->
<testsuite skipped="0" hostname="Ved" name="com.bhumi.SampleMaven.AutomationTests.TC33" tests="1" failures="0" timestamp="2024-02-19T23:47:34 EST" time="9.347" errors="0">
  <testcase name="verifyHomePageUserName" time="9.347" classname="com.bhumi.SampleMaven.AutomationTests.TC33"/>
  <system-out>
    <![CDATA[Entering UserName & Password and login to salesforce
data is entered in username textbox
data is entered in password textbox
login button is clicked
Login Successfull
Home page opened
 text is extracted from User Details
User Details displayed
User Detail Link button is clicked
User Details page opened]]>
  </system-out>
</testsuite> <!-- com.bhumi.SampleMaven.AutomationTests.TC33 -->
