<?xml version="1.0" encoding="UTF-8"?>
<!-- Generated by org.testng.reporters.JUnitReportReporter -->
<testsuite skipped="0" hostname="Ved" name="com.bhumi.SampleMaven.AutomationTests.TC07" tests="1" failures="0" timestamp="2024-02-19T23:47:34 EST" time="27.608" errors="0">
  <testcase name="verifyMySettings" time="27.608" classname="com.bhumi.SampleMaven.AutomationTests.TC07"/>
  <system-out>
    <![CDATA[Entering UserName & Password and login to salesforce
data is entered in username textbox
data is entered in password textbox
login button is clicked
Login Successfull
SalesForce User Menu button is clicked
Salesforce User Menu Displayed
My Setting button is clicked
Settings Page Displayed
Personal Menu button is clicked
Login History button is clicked
Login History Page Displayed
Download Login History button is clicked
File Download verified
Display Layout button is clicked
Customize tab button is clicked
Salesforce Chatter selected in Custom App dropdown
Reports selected in Custom App tab dropdown
Add button is clicked
Reports Tab Selected
Email tab button is clicked
My Email Settings button is clicked
Email name is cleared
Email Id is cleared
Auto BCC button is clicked
data is entered in Email Name textbox
data is entered in Email id textbox
Auto BCC Yes button is clicked
Save button is clicked
Save confirmation on email setting verified
Calendar Reminder button is clicked
Activity Reminder button is clicked
Test reminder button is clicked
Reminder Screen Displayed]]>
  </system-out>
</testsuite> <!-- com.bhumi.SampleMaven.AutomationTests.TC07 -->
