<?xml version="1.0" encoding="UTF-8"?>
<!-- Generated by org.testng.reporters.JUnitReportReporter -->
<testsuite skipped="0" hostname="Ved" name="com.bhumi.SampleMaven.AutomationTests.Day7_Assignment" tests="1" failures="0" timestamp="2024-02-17T13:49:35 EST" time="7.246" errors="0">
  <testcase name="headLessTest" time="7.246" classname="com.bhumi.SampleMaven.AutomationTests.Day7_Assignment"/>
  <system-out/>
</testsuite> <!-- com.bhumi.SampleMaven.AutomationTests.Day7_Assignment -->
