<?xml version="1.0" encoding="UTF-8"?>
<!-- Generated by org.testng.reporters.JUnitReportReporter -->
<testsuite skipped="0" hostname="Ved" name="com.bhumi.SampleMaven.AutomationTests.TC35" tests="1" failures="0" timestamp="2024-02-19T23:47:34 EST" time="50.436" errors="0">
  <testcase name="verifyTabCustomize" time="50.436" classname="com.bhumi.SampleMaven.AutomationTests.TC35"/>
  <system-out>
    <![CDATA[Entering UserName & Password and login to salesforce
data is entered in username textbox
data is entered in password textbox
login button is clicked
Login Successfull
Home page opened
All Tabs button is clicked
Customize button is clicked
User Menu on Salesforce HomePage button is clicked
Salesforce User Menu Displayed
Logout on Salesforce HomePage button is clicked
Logout Successfull
Entering UserName & Password and login to salesforce
data is entered in username textbox
data is entered in password textbox
login button is clicked
Login Successfull
Accounts tab removed
All Tabs button is clicked
Customize button is clicked
Accounts selected to be added to Salesforce menu
Add Cutomize Menu button is clicked
Save Customize Menu button is clicked
User Menu on Salesforce HomePage button is clicked
Salesforce User Menu Displayed
Logout on Salesforce HomePage button is clicked
Logout Successfull
Entering UserName & Password and login to salesforce
data is entered in username textbox
data is entered in password textbox
login button is clicked
Login Successfull
Account_Tab added to Salesforce menu]]>
  </system-out>
</testsuite> <!-- com.bhumi.SampleMaven.AutomationTests.TC35 -->
