<?xml version="1.0" encoding="UTF-8"?>
<!-- Generated by org.testng.reporters.JUnitReportReporter -->
<testsuite skipped="0" hostname="Ved" name="com.bhumi.SampleMaven.AutomationTests.TC25" tests="1" failures="0" timestamp="2024-02-19T23:47:34 EST" time="8.210" errors="0">
  <testcase name="createNewContacts" time="8.210" classname="com.bhumi.SampleMaven.AutomationTests.TC25"/>
  <system-out>
    <![CDATA[Entering UserName & Password and login to salesforce
data is entered in username textbox
data is entered in password textbox
login button is clicked
Login Successfull
Contact page opened
New Contacts button is clicked
New Contact page opened
data is entered in Last Name textbox
data is entered in Account textbox
Save button is clicked
 text is extracted from New Contact value
New Contact created
User Menu on Salesforce HomePage button is clicked
Salesforce User Menu Displayed
Logout on Salesforce HomePage button is clicked
Logout Successfull]]>
  </system-out>
</testsuite> <!-- com.bhumi.SampleMaven.AutomationTests.TC25 -->
