<?xml version="1.0" encoding="UTF-8"?>
<!-- Generated by org.testng.reporters.JUnitReportReporter -->
<testsuite skipped="0" hostname="Ved" name="com.bhumi.SampleMaven.AutomationTests.TC34" tests="1" failures="0" timestamp="2024-02-19T23:47:34 EST" time="12.071" errors="0">
  <testcase name="verifyHomeLastNameEdit" time="12.071" classname="com.bhumi.SampleMaven.AutomationTests.TC34"/>
  <system-out>
    <![CDATA[Entering UserName & Password and login to salesforce
data is entered in username textbox
data is entered in password textbox
login button is clicked
Login Successfull
Home page opened
User Detail button is clicked
Edit Profile button is clicked
About Tab button is clicked
Last Name is cleared
data is entered in Last Name textbox
Save button is clicked
Edited Name saved
Edited Name saved
Edit Profile button is clicked
About tab button is clicked
Last Name is cleared
data is entered in Last Name textbox
Save button is clicked]]>
  </system-out>
</testsuite> <!-- com.bhumi.SampleMaven.AutomationTests.TC34 -->
