<?xml version="1.0" encoding="UTF-8"?>
<!-- Generated by org.testng.reporters.JUnitReportReporter -->
<testsuite skipped="0" hostname="Ved" name="com.bhumi.SampleMaven.AutomationTests.TC08" tests="1" failures="0" timestamp="2024-02-19T23:47:34 EST" time="17.358" errors="0">
  <testcase name="verifyDevConsole" time="17.358" classname="com.bhumi.SampleMaven.AutomationTests.TC08"/>
  <system-out>
    <![CDATA[Entering UserName & Password and login to salesforce
data is entered in username textbox
data is entered in password textbox
login button is clicked
Login Successfull
SalesForce User Menu button is clicked
Salesforce User Menu Displayed
Devleoper console button is clicked
Developer console opened as expected]]>
  </system-out>
</testsuite> <!-- com.bhumi.SampleMaven.AutomationTests.TC08 -->
