<?xml version="1.0" encoding="UTF-8"?>
<!-- Generated by org.testng.reporters.JUnitReportReporter -->
<testsuite skipped="0" hostname="Ved" name="com.bhumi.SampleMaven.AutomationTests.TC27" tests="1" failures="0" timestamp="2024-02-19T23:47:34 EST" time="9.358" errors="0">
  <testcase name="verifyRecentContactDropDown" time="9.358" classname="com.bhumi.SampleMaven.AutomationTests.TC27"/>
  <system-out>
    <![CDATA[Entering UserName & Password and login to salesforce
data is entered in username textbox
data is entered in password textbox
login button is clicked
Login Successfull
Recently Created selected in Recent Contact dropdown
Recent Contact drop down verified]]>
  </system-out>
</testsuite> <!-- com.bhumi.SampleMaven.AutomationTests.TC27 -->
