<?xml version="1.0" encoding="UTF-8"?>
<!-- Generated by org.testng.reporters.JUnitReportReporter -->
<testsuite skipped="0" hostname="Ved" name="com.bhumi.SampleMaven.AutomationTests.TC14" tests="1" failures="0" timestamp="2024-02-19T23:47:34 EST" time="42.810" errors="0">
  <testcase name="CreateAccountsReport" time="42.810" classname="com.bhumi.SampleMaven.AutomationTests.TC14"/>
  <system-out>
    <![CDATA[Entering UserName & Password and login to salesforce
data is entered in username textbox
data is entered in password textbox
login button is clicked
Login Successfull
Account Tab button is clicked
Account page opened
Last Activity Link button is clicked
Unsaved Report page opened
Date Option button is clicked
Created Date Option button is clicked
data is entered in Start Date textbox
End Date button is clicked
Today End Date button is clicked
 text is extracted from Report Name
Report Data Displayed
Save Report button is clicked
data is entered in Report Name textbox
Report Description button is clicked
Save Report button is clicked
 text is extracted from Saved Report
Report  Saved with correct name]]>
  </system-out>
</testsuite> <!-- com.bhumi.SampleMaven.AutomationTests.TC14 -->
